<?xml version="1.0" encoding="UTF-8"?>
<testng-results skipped="0" failed="0" ignored="0" total="1" passed="1">
  <reporter-output>
  </reporter-output>
  <suite name="Default suite" duration-ms="27378" started-at="2023-01-19T09:12:32Z" finished-at="2023-01-19T09:13:00Z">
    <groups>
    </groups>
    <test name="Default test" duration-ms="27378" started-at="2023-01-19T09:12:32Z" finished-at="2023-01-19T09:13:00Z">
      <class name="com.techmax.practice.FlipkartMobiles">
        <test-method status="PASS" signature="MobileNames()[pri:0, instance:com.techmax.practice.FlipkartMobiles@57fffcd7]" name="MobileNames" duration-ms="27339" started-at="2023-01-19T09:12:32Z" finished-at="2023-01-19T09:13:00Z">
          <reporter-output>
          </reporter-output>
        </test-method> <!-- MobileNames -->
      </class> <!-- com.techmax.practice.FlipkartMobiles -->
    </test> <!-- Default test -->
  </suite> <!-- Default suite -->
</testng-results>
